<?xml version="1.0" encoding="UTF-8"?>
<testsuite xmlns:xsi="http://www.w3.org/2001/XMLSchema-instance" xsi:noNamespaceSchemaLocation="https://maven.apache.org/surefire/maven-surefire-plugin/xsd/surefire-test-report.xsd" name="wniemiec.util.logger.DebugLoggerTest" time="0.126" tests="10" errors="0" skipped="0" failures="0">
  <properties>
[...]
</properties>
  <testcase name="testErrorMessage" classname="wniemiec.util.logger.DebugLoggerTest" time="0.016"/>
  <testcase name="testInfoMessage" classname="wniemiec.util.logger.DebugLoggerTest" time="0.003"/>
  <testcase name="testDebugMessage" classname="wniemiec.util.logger.DebugLoggerTest" time="0.003"/>
  <testcase name="testLevel" classname="wniemiec.util.logger.DebugLoggerTest" time="0"/>
  <testcase name="testNullInfoMessage" classname="wniemiec.util.logger.DebugLoggerTest" time="0"/>
  <testcase name="testWarnMessage" classname="wniemiec.util.logger.DebugLoggerTest" time="0.007"/>
  <testcase name="testNullErrorMessage" classname="wniemiec.util.logger.DebugLoggerTest" time="0"/>
  <testcase name="testNullWarnMessage" classname="wniemiec.util.logger.DebugLoggerTest" time="0"/>
  <testcase name="testNullDebugMessage" classname="wniemiec.util.logger.DebugLoggerTest" time="0"/>
  <testcase name="testNullLevel" classname="wniemiec.util.logger.DebugLoggerTest" time="0"/>
</testsuite>